2025-12-01T05:59:11.008Z|6033273b-2fc1-49f0-8b96-f78f7026401d|CREATE_TITLE|PREPARED|{"action":"CREATE_TITLE","id":"tt0081505","data":{"tconst":"tt0081505","titleType":"movie","primaryTitle":"The Shining","originalTitle":"The Shining","isAdult":0,"startYear":1980,"endYear":null,"runtimeMinutes":144,"genres":"Drama, Horror"},"startYear":1980}
2025-12-01T05:59:11.089Z|6033273b-2fc1-49f0-8b96-f78f7026401d|CREATE_TITLE|COMMITTED|{}
2025-12-01T06:18:02.879Z|df722f88-f5c0-4604-9079-930fe01c8ebe|CREATE_TITLE|PREPARED|{"action":"CREATE_TITLE","id":"tt0110912","data":{"tconst":"tt0110912","titleType":"movie","primaryTitle":"Pulp Fiction","originalTitle":"Pulp Fiction","isAdult":0,"startYear":1994,"endYear":null,"runtimeMinutes":154,"genres":"Crime, Drama"},"startYear":1994}
2025-12-01T06:18:02.945Z|df722f88-f5c0-4604-9079-930fe01c8ebe|CREATE_TITLE|COMMITTED|{}
2025-12-01T06:20:25.152Z|a77cdf6b-8dc8-4818-9dd7-3eb58ad27872|CREATE_TITLE|PREPARED|{"action":"CREATE_TITLE","id":"tt0133092","data":{"tconst":"tt0133092","titleType":"movie","primaryTitle":"The Matrix","originalTitle":"The Matrix","isAdult":0,"startYear":1999,"endYear":null,"runtimeMinutes":136,"genres":"Action, Sci-Fi"},"startYear":1999}
2025-12-01T06:20:25.161Z|a77cdf6b-8dc8-4818-9dd7-3eb58ad27872|UNKNOWN|ABORTED|{}
2025-12-01T06:29:10.747Z|59ea0813-0a87-4e21-bf82-fb67f28a0a5d|UPDATE_TITLE|PREPARED|{"action":"UPDATE_TITLE","id":"tt0102926","data":{"runtimeMinutes":88,"startYear":1991},"startYear":1991}
2025-12-01T06:29:10.863Z|59ea0813-0a87-4e21-bf82-fb67f28a0a5d|UPDATE_TITLE|COMMITTED|{}
2025-12-01T06:37:39.744Z|7d7477db-668a-4e10-ad15-2cbac91b776e|DELETE_TITLE|PREPARED|{"action":"DELETE_TITLE","id":"tt0102926","startYear":1991}
2025-12-01T06:37:39.832Z|7d7477db-668a-4e10-ad15-2cbac91b776e|DELETE_TITLE|COMMITTED|{}
2025-12-01T06:39:26.053Z|854f308b-433f-41bc-a7ec-3321e93d701e|DELETE_TITLE|PREPARED|{"action":"DELETE_TITLE","id":"tt0081505","startYear":1991}
2025-12-01T06:39:26.055Z|854f308b-433f-41bc-a7ec-3321e93d701e|UNKNOWN|ABORTED|{}
2025-12-01T06:40:09.617Z|683151fa-6d8f-48ea-9e6e-b701ddd17f8c|DELETE_TITLE|PREPARED|{"action":"DELETE_TITLE","id":"tt1234567","startYear":1991}
2025-12-01T06:40:09.621Z|683151fa-6d8f-48ea-9e6e-b701ddd17f8c|UNKNOWN|ABORTED|{}
2025-12-01T06:43:12.031Z|6d07e9d4-3ed4-4906-97fd-0f2e0bb51558|DELETE_TITLE|PREPARED|{"action":"DELETE_TITLE","id":"tt1234567","startYear":1991}
2025-12-01T06:43:12.110Z|6d07e9d4-3ed4-4906-97fd-0f2e0bb51558|DELETE_TITLE|COMMITTED|{}
2025-12-01T06:44:24.610Z|3a9b18a2-213c-4b9a-b474-caf45a82e265|DELETE_TITLE|PREPARED|{"action":"DELETE_TITLE","id":"tt0102926","startYear":2025}
2025-12-01T06:44:24.707Z|3a9b18a2-213c-4b9a-b474-caf45a82e265|DELETE_TITLE|COMMITTED|{}
2025-12-01T06:44:51.891Z|ef45bf85-98ba-4017-b084-4da14ab5fcaa|DELETE_TITLE|PREPARED|{"action":"DELETE_TITLE","id":"tt0102926","startYear":2025}
2025-12-01T06:44:51.975Z|ef45bf85-98ba-4017-b084-4da14ab5fcaa|DELETE_TITLE|COMMITTED|{}
2025-12-01T06:48:07.303Z|527d8b8d-ba24-45a2-b109-9c500b400e65|DELETE_TITLE|PREPARED|{"action":"DELETE_TITLE","id":"tt1234567","startYear":2025}
2025-12-01T06:48:07.383Z|527d8b8d-ba24-45a2-b109-9c500b400e65|DELETE_TITLE|COMMITTED|{}
